This is TeX, Version 3.14159 (Web2C 7.4.5) (format=latex 2004.9.30)  20 JUL 2006 16:33
**api.tex
(./api.tex
LaTeX2e <2001/06/01>
Babel <v3.7h> and hyphenation patterns for american, french, german, ngerman, n
ohyphenation, loaded.
(/usr/share/texmf/tex/latex/base/article.cls
Document Class: article 2001/04/21 v1.4e Standard LaTeX document class
(/usr/share/texmf/tex/latex/base/size10.clo
File: size10.clo 2001/04/21 v1.4e Standard LaTeX file (size option)
)
\c@part=\count79
\c@section=\count80
\c@subsection=\count81
\c@subsubsection=\count82
\c@paragraph=\count83
\c@subparagraph=\count84
\c@figure=\count85
\c@table=\count86
\abovecaptionskip=\skip41
\belowcaptionskip=\skip42
\bibindent=\dimen102
)
(/usr/share/texmf/tex/latex/base/alltt.sty
Package: alltt 1997/06/16 v2.0g defines alltt environment
)
(/usr/share/texmf/tex/latex/misc/parskip.sty
Package: parskip 2001/04/09 non-zero parskip adjustments
)
(/usr/share/texmf/tex/latex/fancyheadings/fancyheadings.sty
\headrulewidth=\dimen103
\footrulewidth=\dimen104
\plainheadrulewidth=\dimen105
\plainfootrulewidth=\dimen106
\headwidth=\dimen107
\footruleskip=\dimen108
)
(/usr/share/texmf/tex/latex/misc/boxedminipage.sty)
(/usr/share/texmf/tex/latex/base/makeidx.sty
Package: makeidx 2000/03/29 v1.0m Standard LaTeX package
)
(/usr/share/texmf/tex/latex/multirow/multirow.sty
\bigstrutjot=\dimen109
)
(/usr/share/texmf/tex/latex/tools/longtable.sty
Package: longtable 2000/10/22 v4.10 Multi-page Table package (DPC)
\LTleft=\skip43
\LTright=\skip44
\LTpre=\skip45
\LTpost=\skip46
\LTchunksize=\count87
\LTcapwidth=\dimen110
\LT@head=\box26
\LT@firsthead=\box27
\LT@foot=\box28
\LT@lastfoot=\box29
\LT@cols=\count88
\LT@rows=\count89
\c@LT@tables=\count90
\c@LT@chunks=\count91
\LT@p@ftn=\toks14
)
(/usr/share/texmf/tex/latex/misc/tocbibind.sty
Package: tocbibind 2003/02/04 v1.5f extra ToC listings


Package tocbibind Note: The document has section divisions.


Package tocbibind Note: Using section or other style headings.

) (/usr/share/texmf/tex/latex/amsfonts/amssymb.sty
Package: amssymb 2002/01/22 v2.2d

(/usr/share/texmf/tex/latex/amsfonts/amsfonts.sty
Package: amsfonts 2001/10/25 v2.2f
\@emptytoks=\toks15
\symAMSa=\mathgroup4
\symAMSb=\mathgroup5
LaTeX Font Info:    Overwriting math alphabet `\mathfrak' in version `bold'
(Font)                  U/euf/m/n --> U/euf/b/n on input line 132.
))
(/usr/share/texmf/tex/latex/preprint/fullpage.sty
Package: fullpage 1999/02/23 1.1 (PWD)
\FP@margin=\skip47
)
\BCL=\skip48

(/usr/share/texmf/tex/latex/base/inputenc.sty
Package: inputenc 2001/07/10 v0.99a Input encoding file 

(/usr/share/texmf/tex/latex/base/latin1.def
File: latin1.def 2001/07/10 v0.99a Input encoding file 
))
(/usr/share/texmf/tex/latex/graphics/color.sty
Package: color 1999/02/16 v1.0i Standard LaTeX Color (DPC)

(/usr/share/texmf/tex/latex/config/color.cfg
File: color.cfg 2001/08/31 v1.1 color configuration of teTeX/TeXLive
)
Package color Info: Driver file: dvips.def on input line 125.

(/usr/share/texmf/tex/latex/graphics/dvips.def
File: dvips.def 1999/02/16 v3.0i Driver-dependant file (DPC,SPQR)
)
(/usr/share/texmf/tex/latex/graphics/dvipsnam.def
File: dvipsnam.def 1999/02/16 v3.0i Driver-dependant file (DPC,SPQR)
))
(/usr/share/texmf/tex/latex/hyperref/hyperref.sty
Package: hyperref 2003/01/22 v6.73n Hypertext links for LaTeX

(/usr/share/texmf/tex/latex/graphics/keyval.sty
Package: keyval 1999/03/16 v1.13 key=value parser (DPC)
\KV@toks@=\toks16
)
\@linkdim=\dimen111
\Hy@linkcounter=\count92
\Hy@pagecounter=\count93

(/usr/share/texmf/tex/latex/hyperref/pd1enc.def
File: pd1enc.def 2003/01/22 v6.73n Hyperref: PDFDocEncoding definition (HO)
)
(/usr/share/texmf/tex/latex/config/hyperref.cfg
File: hyperref.cfg 2002/06/06 v1.2 hyperref configuration of TeXLive and teTeX
)
Package hyperref Info: Option `bookmarks' set `true' on input line 1744.
Package hyperref Info: Option `bookmarksopen' set `false' on input line 1744.
Package hyperref Info: Option `colorlinks' set `true' on input line 1744.
Package hyperref Info: Hyper figures OFF on input line 1792.
Package hyperref Info: Link nesting OFF on input line 1797.
Package hyperref Info: Hyper index ON on input line 1800.
Package hyperref Info: Plain pages ON on input line 1805.
Package hyperref Info: Backreferencing ON on input line 1810.

Implicit mode ON; LaTeX internals redefined
Package hyperref Info: Bookmarks ON on input line 1916.
(/usr/share/texmf/tex/latex/hyperref/backref.sty
Package: backref 2002/06/09 v1.20 Bibliographical back referencing
)
(/usr/share/texmf/tex/latex/html/url.sty
Package: url 1999/03/02  ver 1.4  Verb mode for urls, email addresses, and file
 names
)
LaTeX Info: Redefining \url on input line 2055.
\Fld@menulength=\count94
\Field@Width=\dimen112
\Fld@charsize=\dimen113
\Choice@toks=\toks17
\Field@toks=\toks18
Package hyperref Info: Hyper figures OFF on input line 2513.
Package hyperref Info: Link nesting OFF on input line 2518.
Package hyperref Info: Hyper index ON on input line 2521.
Package hyperref Info: backreferencing ON on input line 2526.
Package hyperref Info: Link coloring ON on input line 2531.
\c@Item=\count95
\c@Hfootnote=\count96
)
*hyperref using driver hdvips*
(/usr/share/texmf/tex/latex/hyperref/hdvips.def
File: hdvips.def 2003/01/22 v6.73n Hyperref driver for dvips

(/usr/share/texmf/tex/latex/hyperref/pdfmark.def
File: pdfmark.def 2003/01/22 v6.73n Hyperref definitions for pdfmark specials
\pdf@docset=\toks19
\pdf@box=\box30
\pdf@toks=\toks20
\pdf@defaulttoks=\toks21
\Fld@listcount=\count97
\@outlinefile=\write3
))
\@indexfile=\write4
\openout4 = `api.idx'.


Writing index file api.idx
(./api.aux (./DataDict-module.aux) (./autouser-module.aux) (./det-module.aux

LaTeX Warning: Label `DataDict:DataDict:__cmp__' multiply defined.


LaTeX Warning: Label `DataDict:DataDict:__contains__' multiply defined.


LaTeX Warning: Label `object:__delattr__' multiply defined.


LaTeX Warning: Label `DataDict:DataDict:__delitem__' multiply defined.


LaTeX Warning: Label `DataDict:DataDict:__getattr__' multiply defined.


LaTeX Warning: Label `object:__getattribute__' multiply defined.


LaTeX Warning: Label `DataDict:DataDict:__getitem__' multiply defined.


LaTeX Warning: Label `object:__hash__' multiply defined.


LaTeX Warning: Label `DataDict:DataDict:__iter__' multiply defined.


LaTeX Warning: Label `DataDict:DataDict:__len__' multiply defined.


LaTeX Warning: Label `object:__new__' multiply defined.


LaTeX Warning: Label `object:__reduce__' multiply defined.


LaTeX Warning: Label `object:__reduce_ex__' multiply defined.


LaTeX Warning: Label `DataDict:DataDict:__setitem__' multiply defined.


LaTeX Warning: Label `object:__str__' multiply defined.


LaTeX Warning: Label `DataDict:DataDict:additem' multiply defined.


LaTeX Warning: Label `DataDict:DataDict:clear' multiply defined.


LaTeX Warning: Label `DataDict:DataDict:copy' multiply defined.


LaTeX Warning: Label `DataDict:DataDict:get' multiply defined.


LaTeX Warning: Label `DataDict:DataDict:has_key' multiply defined.


LaTeX Warning: Label `DataDict:DataDict:items' multiply defined.


LaTeX Warning: Label `DataDict:DataDict:iteritems' multiply defined.


LaTeX Warning: Label `DataDict:DataDict:iterkeys' multiply defined.


LaTeX Warning: Label `DataDict:DataDict:itervalues' multiply defined.


LaTeX Warning: Label `DataDict:DataDict:keys' multiply defined.


LaTeX Warning: Label `DataDict:DataDict:popitem' multiply defined.


LaTeX Warning: Label `DataDict:DataDict:set_widget' multiply defined.


LaTeX Warning: Label `DataDict:DataDict:setdefault' multiply defined.


LaTeX Warning: Label `DataDict:DataDict:update' multiply defined.


LaTeX Warning: Label `DataDict:DataDict:values' multiply defined.

) (./detectors.default-module.aux) (./detectors.sipin226-module.aux

LaTeX Warning: Label `object:__delattr__' multiply defined.


LaTeX Warning: Label `object:__getattribute__' multiply defined.


LaTeX Warning: Label `object:__hash__' multiply defined.


LaTeX Warning: Label `object:__new__' multiply defined.


LaTeX Warning: Label `object:__reduce__' multiply defined.


LaTeX Warning: Label `object:__reduce_ex__' multiply defined.


LaTeX Warning: Label `object:__str__' multiply defined.

) (./dsp-module.aux

LaTeX Warning: Label `object:__delattr__' multiply defined.


LaTeX Warning: Label `object:__getattribute__' multiply defined.


LaTeX Warning: Label `object:__hash__' multiply defined.


LaTeX Warning: Label `object:__new__' multiply defined.


LaTeX Warning: Label `object:__reduce__' multiply defined.


LaTeX Warning: Label `object:__reduce_ex__' multiply defined.


LaTeX Warning: Label `object:__repr__' multiply defined.


LaTeX Warning: Label `object:__setattr__' multiply defined.


LaTeX Warning: Label `object:__str__' multiply defined.


LaTeX Warning: Label `dsp:ClockLine' multiply defined.


LaTeX Warning: Label `object:__delattr__' multiply defined.


LaTeX Warning: Label `object:__getattribute__' multiply defined.


LaTeX Warning: Label `object:__hash__' multiply defined.


LaTeX Warning: Label `object:__new__' multiply defined.


LaTeX Warning: Label `object:__reduce__' multiply defined.


LaTeX Warning: Label `object:__reduce_ex__' multiply defined.


LaTeX Warning: Label `object:__repr__' multiply defined.


LaTeX Warning: Label `object:__setattr__' multiply defined.


LaTeX Warning: Label `object:__str__' multiply defined.


LaTeX Warning: Label `object:__delattr__' multiply defined.


LaTeX Warning: Label `object:__getattribute__' multiply defined.


LaTeX Warning: Label `object:__hash__' multiply defined.


LaTeX Warning: Label `object:__new__' multiply defined.


LaTeX Warning: Label `object:__reduce__' multiply defined.


LaTeX Warning: Label `object:__reduce_ex__' multiply defined.


LaTeX Warning: Label `object:__setattr__' multiply defined.


LaTeX Warning: Label `object:__str__' multiply defined.

) (./dv-module.aux) (./filterBase-module.aux) (./filterII-module.aux)
(./filterwh-module.aux) (./fits-module.aux) (./ociw-module.aux)
(./pydsp-module.aux

LaTeX Warning: Label `pydsp:pydspWebServer:do_GET' multiply defined.

) (./pyshowall.pyshowall-module.aux

LaTeX Warning: Label `object:__delattr__' multiply defined.


LaTeX Warning: Label `object:__getattribute__' multiply defined.


LaTeX Warning: Label `object:__hash__' multiply defined.


LaTeX Warning: Label `object:__new__' multiply defined.


LaTeX Warning: Label `object:__reduce__' multiply defined.


LaTeX Warning: Label `object:__reduce_ex__' multiply defined.


LaTeX Warning: Label `object:__setattr__' multiply defined.


LaTeX Warning: Label `object:__str__' multiply defined.


LaTeX Warning: Label `threading:Thread:getName' multiply defined.


LaTeX Warning: Label `threading:Thread:isAlive' multiply defined.


LaTeX Warning: Label `threading:Thread:isDaemon' multiply defined.


LaTeX Warning: Label `threading:Thread:join' multiply defined.


LaTeX Warning: Label `threading:Thread:setDaemon' multiply defined.


LaTeX Warning: Label `threading:Thread:setName' multiply defined.


LaTeX Warning: Label `threading:Thread:start' multiply defined.

) (./run-module.aux

LaTeX Warning: Label `DataDict:DataDict:__cmp__' multiply defined.


LaTeX Warning: Label `DataDict:DataDict:__contains__' multiply defined.


LaTeX Warning: Label `object:__delattr__' multiply defined.


LaTeX Warning: Label `DataDict:DataDict:__delitem__' multiply defined.


LaTeX Warning: Label `DataDict:DataDict:__getattr__' multiply defined.


LaTeX Warning: Label `object:__getattribute__' multiply defined.


LaTeX Warning: Label `DataDict:DataDict:__getitem__' multiply defined.


LaTeX Warning: Label `object:__hash__' multiply defined.


LaTeX Warning: Label `DataDict:DataDict:__iter__' multiply defined.


LaTeX Warning: Label `DataDict:DataDict:__len__' multiply defined.


LaTeX Warning: Label `object:__new__' multiply defined.


LaTeX Warning: Label `object:__reduce__' multiply defined.


LaTeX Warning: Label `object:__reduce_ex__' multiply defined.


LaTeX Warning: Label `DataDict:DataDict:__setitem__' multiply defined.


LaTeX Warning: Label `object:__str__' multiply defined.


LaTeX Warning: Label `DataDict:DataDict:additem' multiply defined.


LaTeX Warning: Label `DataDict:DataDict:clear' multiply defined.


LaTeX Warning: Label `DataDict:DataDict:copy' multiply defined.


LaTeX Warning: Label `DataDict:DataDict:get' multiply defined.


LaTeX Warning: Label `DataDict:DataDict:has_key' multiply defined.


LaTeX Warning: Label `DataDict:DataDict:items' multiply defined.


LaTeX Warning: Label `DataDict:DataDict:iteritems' multiply defined.


LaTeX Warning: Label `DataDict:DataDict:iterkeys' multiply defined.


LaTeX Warning: Label `DataDict:DataDict:itervalues' multiply defined.


LaTeX Warning: Label `DataDict:DataDict:keys' multiply defined.


LaTeX Warning: Label `DataDict:DataDict:popitem' multiply defined.


LaTeX Warning: Label `DataDict:DataDict:set_widget' multiply defined.


LaTeX Warning: Label `DataDict:DataDict:setdefault' multiply defined.


LaTeX Warning: Label `DataDict:DataDict:update' multiply defined.


LaTeX Warning: Label `DataDict:DataDict:values' multiply defined.

) (./runrun-module.aux) (./sload-module.aux) (./start_pydsp-module.aux)
(./tempcontrol-module.aux) (./tests-module.aux) (./tmptr-module.aux)
(./tmptr_curve10-module.aux) (./wheel-module.aux) (./xdir-module.aux))
\openout1 = `api.aux'.

LaTeX Font Info:    Checking defaults for OML/cmm/m/it on input line 33.
LaTeX Font Info:    ... okay on input line 33.
LaTeX Font Info:    Checking defaults for T1/cmr/m/n on input line 33.
LaTeX Font Info:    ... okay on input line 33.
LaTeX Font Info:    Checking defaults for OT1/cmr/m/n on input line 33.
LaTeX Font Info:    ... okay on input line 33.
LaTeX Font Info:    Checking defaults for OMS/cmsy/m/n on input line 33.
LaTeX Font Info:    ... okay on input line 33.
LaTeX Font Info:    Checking defaults for OMX/cmex/m/n on input line 33.
LaTeX Font Info:    ... okay on input line 33.
LaTeX Font Info:    Checking defaults for U/cmr/m/n on input line 33.
LaTeX Font Info:    ... okay on input line 33.
LaTeX Font Info:    Checking defaults for PD1/pdf/m/n on input line 33.
LaTeX Font Info:    ... okay on input line 33.
Package hyperref Info: Link coloring ON on input line 33.

(/usr/share/texmf/tex/latex/hyperref/nameref.sty
Package: nameref 2001/01/27 v2.19 Cross-referencing by name of section
\c@section@level=\count98
)
LaTeX Info: Redefining \ref on input line 33.
LaTeX Info: Redefining \pageref on input line 33.
 (./api.out) (./api.out)
\openout3 = `api.out'.

LaTeX Font Info:    Try loading font information for U+msa on input line 48.

(/usr/share/texmf/tex/latex/amsfonts/umsa.fd
File: umsa.fd 2002/01/19 v2.2g AMS font definitions
)
LaTeX Font Info:    Try loading font information for U+msb on input line 48.

(/usr/share/texmf/tex/latex/amsfonts/umsb.fd
File: umsb.fd 2002/01/19 v2.2g AMS font definitions
) (./api.toc [1

] [2])
\tf@toc=\write5
\openout5 = `api.toc'.

 [3]
\openout2 = `DataDict-module.aux'.


(./DataDict-module.tex
LaTeX Font Info:    Try loading font information for OML+cmtt on input line 35.

LaTeX Font Info:    No file OMLcmtt.fd. on input line 35.


LaTeX Font Warning: Font shape `OML/cmtt/m/n' undefined
(Font)              using `OML/cmm/m/it' instead
(Font)              for symbol `textgreater' on input line 35.

[4

]
LaTeX Font Info:    Try loading font information for OMS+cmtt on input line 127
.
LaTeX Font Info:    No file OMScmtt.fd. on input line 127.


LaTeX Font Warning: Font shape `OMS/cmtt/m/n' undefined
(Font)              using `OMS/cmsy/m/n' instead
(Font)              for symbol `textbraceleft' on input line 127.

[5]
LaTeX Font Info:    Try loading font information for OML+cmr on input line 221.

 (/usr/share/texmf/tex/latex/base/omlcmr.fd
File: omlcmr.fd 1999/05/25 v2.5h Standard LaTeX font definitions
)
LaTeX Font Info:    Font shape `OML/cmr/m/n' in size <10> not available
(Font)              Font shape `OML/cmm/m/it' tried instead on input line 221.
 [6] [7]) [8]
\openout2 = `autouser-module.aux'.


(./autouser-module.tex [9


]) [10]
\openout2 = `det-module.aux'.

 (./det-module.tex [11


] [12] [13] [14])
[15]
\openout2 = `detectors.default-module.aux'.

 (./detectors.default-module.tex) [16


]
\openout2 = `detectors.sipin226-module.aux'.

 (./detectors.sipin226-module.tex
[17


]) [18]
\openout2 = `dsp-module.aux'.

 (./dsp-module.tex [19


] [20] [21] [22] [23] [24] [25] [26]) [27]
\openout2 = `dv-module.aux'.


(./dv-module.tex
LaTeX Font Info:    Try loading font information for OMS+cmr on input line 96.
 (/usr/share/texmf/tex/latex/base/omscmr.fd
File: omscmr.fd 1999/05/25 v2.5h Standard LaTeX font definitions
)
LaTeX Font Info:    Font shape `OMS/cmr/m/n' in size <10> not available
(Font)              Font shape `OMS/cmsy/m/n' tried instead on input line 96.
 [28


]) [29]
\openout2 = `filterBase-module.aux'.


(./filterBase-module.tex [30


]) [31]
\openout2 = `filterII-module.aux'.

 (./filterII-module.tex) [32


]
\openout2 = `filterwh-module.aux'.


(./filterwh-module.tex) [33


]
\openout2 = `fits-module.aux'.

 (./fits-module.tex) [34


]
\openout2 = `ociw-module.aux'.

 (./ociw-module.tex
[35


] [36]) [37]
\openout2 = `pydsp-module.aux'.

 (./pydsp-module.tex [38


] [39] [40] [41] [42]) [43]
\openout2 = `pyshowall.pyshowall-module.aux'.


(./pyshowall.pyshowall-module.tex [44


] [45] [46]) [47]
\openout2 = `run-module.aux'.

 (./run-module.tex
[48


] [49] [50]) [51]
\openout2 = `runrun-module.aux'.

 (./runrun-module.tex [52


] [53]) [54]
\openout2 = `sload-module.aux'.

 (./sload-module.tex
[55


]) [56]
\openout2 = `start_pydsp-module.aux'.

 (./start_pydsp-module.tex) [57


]
\openout2 = `tempcontrol-module.aux'.

 (./tempcontrol-module.tex [58


])
[59]
\openout2 = `tests-module.aux'.

 (./tests-module.tex [60


]) [61]
\openout2 = `tmptr-module.aux'.

 (./tmptr-module.tex) [62


]
\openout2 = `tmptr_curve10-module.aux'.


(./tmptr_curve10-module.tex) [63


]
\openout2 = `wheel-module.aux'.

 (./wheel-module.tex [64


]) [65]
\openout2 = `xdir-module.aux'.


(./xdir-module.tex [66


]) [67] (./api.ind
Overfull \hbox (32.11183pt too wide) in paragraph at lines 12--14
[]\OT1/cmr/m/n/10 BaseHTTPServer.BaseHTTPRequestHandler.address[]string
 []


Overfull \hbox (41.6841pt too wide) in paragraph at lines 14--16
[]\OT1/cmr/m/n/10 BaseHTTPServer.BaseHTTPRequestHandler.date[]time[]string
 []


Overfull \hbox (23.08403pt too wide) in paragraph at lines 16--18
[]\OT1/cmr/m/n/10 BaseHTTPServer.BaseHTTPRequestHandler.end[]headers
 []


Overfull \hbox (53.62854pt too wide) in paragraph at lines 18--20
[]\OT1/cmr/m/n/10 BaseHTTPServer.BaseHTTPRequestHandler.handle[]one[]request
 []


Overfull \hbox (58.06192pt too wide) in paragraph at lines 20--22
[]\OT1/cmr/m/n/10 BaseHTTPServer.BaseHTTPRequestHandler.log[]date[]time[]string

 []


Overfull \hbox (8.63957pt too wide) in paragraph at lines 22--24
[]\OT1/cmr/m/n/10 BaseHTTPServer.BaseHTTPRequestHandler.log[]error
 []


Overfull \hbox (29.00069pt too wide) in paragraph at lines 24--26
[]\OT1/cmr/m/n/10 BaseHTTPServer.BaseHTTPRequestHandler.parse[]request
 []


Overfull \hbox (15.36179pt too wide) in paragraph at lines 26--28
[]\OT1/cmr/m/n/10 BaseHTTPServer.BaseHTTPRequestHandler.send[]error
 []


Overfull \hbox (23.08403pt too wide) in paragraph at lines 28--30
[]\OT1/cmr/m/n/10 BaseHTTPServer.BaseHTTPRequestHandler.send[]header
 []


Overfull \hbox (31.2507pt too wide) in paragraph at lines 30--32
[]\OT1/cmr/m/n/10 BaseHTTPServer.BaseHTTPRequestHandler.send[]response
 []


Overfull \hbox (30.38962pt too wide) in paragraph at lines 32--34
[]\OT1/cmr/m/n/10 BaseHTTPServer.BaseHTTPRequestHandler.version[]string
 []


Overfull \hbox (0.95592pt too wide) in paragraph at lines 39--41
[]| \OT1/cmr/m/n/10 Data-Dict.DataDict.[][]cmp[][] \OT1/cmr/m/it/10 (method)\OT
1/cmr/m/n/10 , [][][][][][], [][][][][][], [][][][][][] 
 []


Overfull \hbox (6.06703pt too wide) in paragraph at lines 41--43
[]| \OT1/cmr/m/n/10 Data-Dict.DataDict.[][]contains[][] \OT1/cmr/m/it/10 (metho
d)\OT1/cmr/m/n/10 , [][][][][][], [][][][][][],
 []


Overfull \hbox (2.40036pt too wide) in paragraph at lines 43--45
[]| \OT1/cmr/m/n/10 Data-Dict.DataDict.[][]delitem[][] \OT1/cmr/m/it/10 (method
)\OT1/cmr/m/n/10 , [][][][][][], [][][][][][],
 []


Overfull \hbox (0.20592pt too wide) in paragraph at lines 45--47
[]| \OT1/cmr/m/n/10 Data-Dict.DataDict.[][]getattr[][] \OT1/cmr/m/it/10 (method
)\OT1/cmr/m/n/10 , [][][][][][], [][][][][][],
 []


Overfull \hbox (2.95592pt too wide) in paragraph at lines 47--49
[]| \OT1/cmr/m/n/10 Data-Dict.DataDict.[][]getitem[][] \OT1/cmr/m/it/10 (method
)\OT1/cmr/m/n/10 , [][][][][][], [][][][][][],
 []


Overfull \hbox (1.90034pt too wide) in paragraph at lines 53--55
[]| \OT1/cmr/m/n/10 Data-Dict.DataDict.[][]setitem[][] \OT1/cmr/m/it/10 (method
)\OT1/cmr/m/n/10 , [][][][][][], [][][][][][],
 []


Overfull \hbox (1.04482pt too wide) in paragraph at lines 63--65
[]| \OT1/cmr/m/n/10 Data-Dict.DataDict.has[]key \OT1/cmr/m/it/10 (method)\OT1/c
mr/m/n/10 , [][][][][][], [][][][][][], [][][][][][] 
 []


Overfull \hbox (1.91702pt too wide) in paragraph at lines 69--71
[]| \OT1/cmr/m/n/10 Data-Dict.DataDict.iterkeys \OT1/cmr/m/it/10 (method)\OT1/c
mr/m/n/10 , [][][][][][], [][][][][][], [][][][][][] 
 []


Overfull \hbox (0.54478pt too wide) in paragraph at lines 77--79
[]| \OT1/cmr/m/n/10 Data-Dict.DataDict.set[]widget \OT1/cmr/m/it/10 (method)\OT
1/cmr/m/n/10 , [][][][][][], [][][][][][],
 []


Overfull \hbox (9.14484pt too wide) in paragraph at lines 116--118
[]| \OT1/cmr/m/n/10 dsp.DspThread.blocking[]do[]nowait \OT1/cmr/m/it/10 (method
)\OT1/cmr/m/n/10 , [][][][][][] 
 []

[68


] [69]
Overfull \hbox (1.6826pt too wide) in paragraph at lines 300--302
[]| \OT1/cmr/m/n/10 pydsp.pydspWebServer.do[]POST \OT1/cmr/m/it/10 (method)\OT1
/cmr/m/n/10 , [][][][][][] 
 []


Overfull \hbox (4.13368pt too wide) in paragraph at lines 328--330
[]| \OT1/cmr/m/n/10 pyshowall.pyshowall.activatecmd \OT1/cmr/m/it/10 (func-tion
)\OT1/cmr/m/n/10 , [][][][][][] 
 []


Overfull \hbox (1.95589pt too wide) in paragraph at lines 338--340
[]| \OT1/cmr/m/n/10 pyshowall.pyshowall.init[]showall \OT1/cmr/m/it/10 (func-ti
on)\OT1/cmr/m/n/10 , [][][][][][] 
 []


Overfull \hbox (12.25035pt too wide) in paragraph at lines 342--344
[]| \OT1/cmr/m/n/10 pyshowall.pyshowall.on[]Abort[]clicked \OT1/cmr/m/it/10 (fu
nc-tion)\OT1/cmr/m/n/10 ,
 []


Overfull \hbox (12.92274pt too wide) in paragraph at lines 346--348
[]| \OT1/cmr/m/n/10 pyshowall.pyshowall.on[]command[]activate \OT1/cmr/m/it/10 
(func-
 []


Overfull \hbox (10.71715pt too wide) in paragraph at lines 348--350
[]| \OT1/cmr/m/n/10 pyshowall.pyshowall.on[]enter[]notify[]event \OT1/cmr/m/it/
10 (func-
 []


Overfull \hbox (10.13382pt too wide) in paragraph at lines 352--354
[]| \OT1/cmr/m/n/10 pyshowall.pyshowall.on[]leave[]notify[]event \OT1/cmr/m/it/
10 (func-
 []


Overfull \hbox (4.58365pt too wide) in paragraph at lines 354--356
[]| \OT1/cmr/m/n/10 pyshowall.pyshowall.on[]Run[]clicked \OT1/cmr/m/it/10 (func
-tion)\OT1/cmr/m/n/10 ,
 []


Overfull \hbox (6.66699pt too wide) in paragraph at lines 356--358
[]| \OT1/cmr/m/n/10 pyshowall.pyshowall.on[]Scan[]clicked \OT1/cmr/m/it/10 (fun
c-tion)\OT1/cmr/m/n/10 ,
 []


Overfull \hbox (2.42265pt too wide) in paragraph at lines 358--360
[]| \OT1/cmr/m/n/10 pyshowall.pyshowall.on[]Voltages[]clicked \OT1/cmr/m/it/10 
(func-
 []


Overfull \hbox (7.59477pt too wide) in paragraph at lines 360--362
[]| \OT1/cmr/m/n/10 pyshowall.pyshowall.restart[]timer \OT1/cmr/m/it/10 (func-t
ion)\OT1/cmr/m/n/10 , [][][][][][] 
 []


Overfull \hbox (1.52257pt too wide) in paragraph at lines 372--374
[]| \OT1/cmr/m/n/10 pyshowall.pyshowall.startguithread \OT1/cmr/m/it/10 (func-t
ion)\OT1/cmr/m/n/10 ,
 []

[70]
Overfull \hbox (3.8615pt too wide) in paragraph at lines 452--454
[]| \OT1/cmr/m/n/10 tem-p-con-trol.tcontroller.adjustCarrot \OT1/cmr/m/it/10 (m
ethod)\OT1/cmr/m/n/10 ,
 []


Overfull \hbox (6.2004pt too wide) in paragraph at lines 460--462
[]| \OT1/cmr/m/n/10 tem-p-con-trol.tcontroller.K[]per[]min \OT1/cmr/m/it/10 (me
thod)\OT1/cmr/m/n/10 , [][][][][][] 
 []


Overfull \hbox (4.00035pt too wide) in paragraph at lines 466--468
[]| \OT1/cmr/m/n/10 tem-p-con-trol.tcontroller.readTemp \OT1/cmr/m/it/10 (metho
d)\OT1/cmr/m/n/10 , [][][][][][] 
 []


Overfull \hbox (24.0893pt too wide) in paragraph at lines 468--470
[]| \OT1/cmr/m/n/10 tem-p-con-trol.tcontroller.set[]dc[]calibration \OT1/cmr/m/
it/10 (method)\OT1/cmr/m/n/10 ,
 []


Overfull \hbox (1.83366pt too wide) in paragraph at lines 470--472
[]| \OT1/cmr/m/n/10 tem-p-con-trol.tcontroller.setHeater \OT1/cmr/m/it/10 (meth
od)\OT1/cmr/m/n/10 , [][][][][][] 
 []


Overfull \hbox (0.7548pt too wide) in paragraph at lines 476--478
[]| \OT1/cmr/m/n/10 tem-p-con-trol.tcontroller.watts[]per[]K \OT1/cmr/m/it/10 (
method)\OT1/cmr/m/n/10 ,
 []

[71]) (./api.aux (./DataDict-module.aux) (./autouser-module.aux)
(./det-module.aux) (./detectors.default-module.aux)
(./detectors.sipin226-module.aux) (./dsp-module.aux) (./dv-module.aux)
(./filterBase-module.aux) (./filterII-module.aux) (./filterwh-module.aux)
(./fits-module.aux) (./ociw-module.aux) (./pydsp-module.aux)
(./pyshowall.pyshowall-module.aux) (./run-module.aux) (./runrun-module.aux)
(./sload-module.aux) (./start_pydsp-module.aux) (./tempcontrol-module.aux)
(./tests-module.aux) (./tmptr-module.aux) (./tmptr_curve10-module.aux)
(./wheel-module.aux) (./xdir-module.aux))

LaTeX Font Warning: Some font shapes were not available, defaults substituted.


LaTeX Warning: There were multiply-defined labels.

 ) 
Here is how much of TeX's memory you used:
 3641 strings out of 95847
 53108 string characters out of 1193874
 144460 words of memory out of 1000001
 6347 multiletter control sequences out of 10000+50000
 13023 words of font info for 50 fonts, out of 500000 for 1000
 14 hyphenation exceptions out of 1000
 32i,12n,38p,551b,414s stack positions out of 1500i,500n,5000p,200000b,5000s

Output written on api.dvi (71 pages, 462300 bytes).
